2017/11/30 00:17:24 [TRACE] Doing: MirrorUpdate
2017/11/30 00:27:24 [TRACE] Doing: MirrorUpdate
2017/11/30 00:37:24 [TRACE] Doing: MirrorUpdate
2017/11/30 00:47:24 [TRACE] Doing: MirrorUpdate
2017/11/30 00:57:24 [TRACE] Doing: MirrorUpdate
2017/11/30 01:07:24 [TRACE] Doing: MirrorUpdate
2017/11/30 01:17:24 [TRACE] Doing: MirrorUpdate
2017/11/30 01:21:26 [TRACE] Session ID: 64d2ad75f81dbcab
2017/11/30 01:21:26 [TRACE] CSRF Token: DncQdpIlUzTxaAl0L8IfauPgUwI6MTUxMjAwNDg4NjYyNTcwODQ1Ng==
2017/11/30 01:21:26 [TRACE] Template: home
2017/11/30 01:21:57 [TRACE] Session ID: 0fd49151bbabd105
2017/11/30 01:21:57 [TRACE] CSRF Token: 5gF0InkLwr50rUsl5nfHnnjUgo86MTUxMjAwNDkxNzgxMTI1NjYzOA==
2017/11/30 01:21:57 [TRACE] Template: home
2017/11/30 01:22:07 [TRACE] Session ID: 382173f77d96a428
2017/11/30 01:22:07 [TRACE] CSRF Token: JY9BTcCvoRaH7XTucBv_rh5FIQo6MTUxMjAwNDkyNzc3MjU1OTU1Ng==
2017/11/30 01:22:07 [TRACE] Template: home
2017/11/30 01:27:24 [TRACE] Doing: MirrorUpdate
2017/11/30 01:37:24 [TRACE] Doing: MirrorUpdate
2017/11/30 01:47:24 [TRACE] Doing: MirrorUpdate
2017/11/30 01:49:30 [TRACE] Session ID: bd61e09f6c94b103
2017/11/30 01:49:30 [TRACE] CSRF Token: hTeVhlBy5GBsVZFQtuRp9VHI3ms6MTUxMjAwNjU3MDUxOTEyNjQ2OQ==
2017/11/30 01:49:30 [TRACE] Template: home
2017/11/30 01:49:40 [TRACE] Session ID: 1f2001f41e97b344
2017/11/30 01:49:40 [TRACE] CSRF Token: B-z8vHSgHUJLh_L9sRtUgqgEGt86MTUxMjAwNjU4MDYyODMyMzQ4MQ==
2017/11/30 01:49:40 [TRACE] Template: home
2017/11/30 01:50:30 [TRACE] Session ID: b262b48ff81c1be8
2017/11/30 01:50:30 [TRACE] CSRF Token: 25pGik_sEMSC3UhX9hCDebbJzlo6MTUxMjAwNjYzMDUwMzA4MDk1OA==
2017/11/30 01:50:30 [TRACE] Template: home
2017/11/30 01:50:36 [TRACE] Session ID: b262b48ff81c1be8
2017/11/30 01:50:36 [TRACE] CSRF Token: 25pGik_sEMSC3UhX9hCDebbJzlo6MTUxMjAwNjYzMDUwMzA4MDk1OA==
2017/11/30 01:50:36 [TRACE] Template: home
2017/11/30 01:50:40 [TRACE] Session ID: b262b48ff81c1be8
2017/11/30 01:50:40 [TRACE] CSRF Token: 25pGik_sEMSC3UhX9hCDebbJzlo6MTUxMjAwNjYzMDUwMzA4MDk1OA==
2017/11/30 01:50:40 [TRACE] Template: home
2017/11/30 01:50:40 [TRACE] Session ID: adebdcd7f47431cc
2017/11/30 01:50:40 [TRACE] CSRF Token: uB7p4N5rkDlb1j9UQiJYlbkiNno6MTUxMjAwNjY0MDMxODU2MzA5OA==
2017/11/30 01:50:40 [TRACE] Template: home
2017/11/30 01:50:49 [TRACE] Session ID: b262b48ff81c1be8
2017/11/30 01:50:49 [TRACE] CSRF Token: 25pGik_sEMSC3UhX9hCDebbJzlo6MTUxMjAwNjYzMDUwMzA4MDk1OA==
2017/11/30 01:50:49 [TRACE] Template: home
2017/11/30 01:51:02 [TRACE] Session ID: b262b48ff81c1be8
2017/11/30 01:51:02 [TRACE] CSRF Token: 25pGik_sEMSC3UhX9hCDebbJzlo6MTUxMjAwNjYzMDUwMzA4MDk1OA==
2017/11/30 01:51:02 [TRACE] Template: home
2017/11/30 01:51:15 [TRACE] Session ID: 016ec402b88d447a
2017/11/30 01:51:15 [TRACE] CSRF Token: b_TQuk8qPZONkBWyxM-tGeb25dc6MTUxMjAwNjY3NTMyODAxODQyOQ==
2017/11/30 01:51:15 [TRACE] Template: home
2017/11/30 01:51:25 [TRACE] Session ID: aef408465be5e44a
2017/11/30 01:51:25 [TRACE] CSRF Token: Q-0eC2Wa_B0lVD9Ki43je5xcGJw6MTUxMjAwNjY4NTQzNjMzOTU2OA==
2017/11/30 01:51:25 [TRACE] Template: home
2017/11/30 01:53:23 [TRACE] Session ID: 3d6b46041cd744d2
2017/11/30 01:53:23 [TRACE] CSRF Token: tQ0z2Cxw7M8Eqbn4pSdHQvmgal06MTUxMjAwNjgwMzE4MTE0MDYxMg==
2017/11/30 01:53:23 [TRACE] Template: home
2017/11/30 01:53:57 [TRACE] Session ID: a5bfba9b3427e723
2017/11/30 01:53:57 [TRACE] CSRF Token: ali7pa-QmjOKNnkn1PmTXbVJq5k6MTUxMjAwNjgzNzg1MDA1NDgxOA==
2017/11/30 01:53:57 [TRACE] Template: home
2017/11/30 01:53:58 [TRACE] Session ID: ba9eab73827ea721
2017/11/30 01:53:58 [TRACE] CSRF Token: hwHsR5WbXvvLyLgkKBL6IgeXdoE6MTUxMjAwNjgzODA1MTg5NjE1Mg==
2017/11/30 01:53:58 [TRACE] Template: home
2017/11/30 01:54:07 [TRACE] Session ID: f32bc45884952ce2
2017/11/30 01:54:07 [TRACE] CSRF Token: _eR9Ck-OW7ALWvhc9Z8rfeySXp86MTUxMjAwNjg0NzM0NzAyNTk4Mg==
2017/11/30 01:54:07 [TRACE] Template: home
2017/11/30 01:54:07 [TRACE] Session ID: ca7416a9b789455d
2017/11/30 01:54:07 [TRACE] CSRF Token: OXMsWXxjCTTfStrTQbIzt8jryYg6MTUxMjAwNjg0NzQwMTY1MDA3Ng==
2017/11/30 01:54:07 [TRACE] Template: home
2017/11/30 01:55:43 [TRACE] Session ID: bd61e09f6c94b103
2017/11/30 01:55:43 [TRACE] CSRF Token: hTeVhlBy5GBsVZFQtuRp9VHI3ms6MTUxMjAwNjU3MDUxOTEyNjQ2OQ==
2017/11/30 01:55:43 [TRACE] Template: home
2017/11/30 01:57:24 [TRACE] Doing: MirrorUpdate
2017/11/30 01:58:23 [TRACE] Session ID: bd61e09f6c94b103
2017/11/30 01:58:23 [TRACE] CSRF Token: hTeVhlBy5GBsVZFQtuRp9VHI3ms6MTUxMjAwNjU3MDUxOTEyNjQ2OQ==
2017/11/30 01:58:23 [TRACE] Template: home
